23:58:09.582 [main] TRACE - Resolving type for handle ctcell842btype
23:58:09.594 [main] TRACE - Resolving type for handle stcellrefe4e0type
23:58:09.599 [main] TRACE - Resolving type for handle cthyperlinks6416type
23:58:09.603 [main] TRACE - Resolving type for handle cthyperlink0c85type
23:58:09.611 [main] TRACE - Resolving type for handle stxstringf179type
23:58:09.615 [main] TRACE - Resolving type for handle stcelltypebf95type
23:58:09.624 [main] INFO  - Provided username and password
23:58:09.896 [main] INFO  - Clicked Login button
23:58:10.335 [main] INFO  - Logout the page----
23:58:12.748 [main] INFO  - Clicked on Login Menu
23:58:13.299 [main] DEBUG - Parsing relationship: /xl/_rels/workbook.xml.rels
23:58:13.302 [main] DEBUG - Parsing relationship: /xl/worksheets/_rels/sheet1.xml.rels
23:58:13.305 [main] DEBUG - Parsing relationship: /_rels/.rels
23:58:13.332 [main] INFO  - Provided username and password
23:58:13.603 [main] INFO  - Clicked Login button
23:58:33.627 [main] INFO  - Unale to Login the page----
23:58:36.307 [main] INFO  - Clicked on Login Menu
23:58:37.012 [main] DEBUG - Parsing relationship: /xl/_rels/workbook.xml.rels
23:58:37.012 [main] DEBUG - Parsing relationship: /xl/worksheets/_rels/sheet1.xml.rels
23:58:37.020 [main] DEBUG - Parsing relationship: /_rels/.rels
23:58:37.061 [main] INFO  - Provided username and password
23:58:37.481 [main] INFO  - Clicked Login button
23:58:57.514 [main] INFO  - Unale to Login the page----
23:59:00.047 [main] INFO  - Clicked on Login Menu
23:59:00.683 [main] INFO  - Provided email and password
23:59:01.013 [main] INFO  - Clicked on Login button 
23:59:01.675 [main] INFO  - Login Success
23:59:03.966 [main] INFO  - Clicked on Login Menu
23:59:04.596 [main] INFO  - Provided email and password
23:59:04.895 [main] INFO  - Clicked on Login button 
23:59:05.032 [main] INFO  - Title is not displayed
23:59:07.171 [main] INFO  - Clicked on Login Menu
23:59:07.646 [main] INFO  - Provided email and password
23:59:07.897 [main] INFO  - Clicked on Login button 
23:59:08.402 [main] INFO  - Login Success
23:59:10.311 [main] INFO  - Clicked on Login Menu
23:59:10.797 [main] INFO  - Provided email and password
23:59:11.040 [main] INFO  - Clicked on Login button 
23:59:33.666 [main] INFO  - Navigated to Account Page---
23:59:34.333 [main] INFO  - Provided user details
23:59:34.971 [main] INFO  - Clicked on continue button-----
23:59:55.040 [main] INFO  - Account Registration Unsuccessful-----
23:59:57.822 [main] INFO  - Navigated to Account Page---
23:59:58.494 [main] INFO  - Provided user details
23:59:59.161 [main] INFO  - Clicked on continue button-----
23:59:59.811 [main] INFO  - Account Registration Successful-----
00:04:00.595 [main] INFO  - Clicked on Login Menu
00:04:01.312 [main] DEBUG - Parsing relationship: /xl/_rels/workbook.xml.rels
00:04:01.315 [main] DEBUG - Parsing relationship: /xl/worksheets/_rels/sheet1.xml.rels
00:04:01.317 [main] DEBUG - Parsing relationship: /_rels/.rels
00:04:01.460 [main] TRACE - Loading type system org.apache.poi.schemas.ooxml.system.ooxml
00:04:01.464 [main] TRACE - Loading type system org.apache.xmlbeans.metadata.system.sXMLCONFIG
00:04:01.464 [main] TRACE - Loading type system org.apache.xmlbeans.metadata.system.sXMLLANG
00:04:01.465 [main] TRACE - Loading type system org.apache.xmlbeans.metadata.system.sXMLSCHEMA
00:04:01.466 [main] TRACE - Loading type system org.apache.xmlbeans.metadata.system.sXMLTOOLS
00:04:01.468 [main] TRACE - Reading unresolved handles for type system org.apache.xmlbeans.metadata.system.sXMLTOOLS
00:04:01.478 [main] TRACE - Finished loading type system org.apache.xmlbeans.metadata.system.sXMLTOOLS
00:04:01.479 [main] TRACE - Reading unresolved handles for type system org.apache.xmlbeans.metadata.system.sXMLSCHEMA
00:04:01.483 [main] TRACE - Finished loading type system org.apache.xmlbeans.metadata.system.sXMLSCHEMA
00:04:01.485 [main] TRACE - Reading unresolved handles for type system org.apache.xmlbeans.metadata.system.sXMLLANG
00:04:01.486 [main] TRACE - Finished loading type system org.apache.xmlbeans.metadata.system.sXMLLANG
00:04:01.488 [main] TRACE - Reading unresolved handles for type system org.apache.xmlbeans.metadata.system.sXMLCONFIG
00:04:01.489 [main] TRACE - Finished loading type system org.apache.xmlbeans.metadata.system.sXMLCONFIG
00:04:01.490 [main] TRACE - Reading unresolved handles for type system org.apache.poi.schemas.ooxml.system.ooxml
00:04:01.555 [main] TRACE - Finished loading type system org.apache.poi.schemas.ooxml.system.ooxml
00:04:01.556 [main] TRACE - Resolving type for handle themefd26doctype
00:04:01.624 [main] TRACE - Resolving type for handle stylesheet5d8bdoctype
00:04:01.632 [main] TRACE - Resolving type for handle ctstylesheet4257type
00:04:01.636 [main] TRACE - Resolving type for handle ctfonts6623type
00:04:01.640 [main] TRACE - Resolving type for handle ctfont14d8type
00:04:01.647 [main] TRACE - Resolving type for handle ctfills2c6ftype
00:04:01.649 [main] TRACE - Resolving type for handle ctfill550ctype
00:04:01.651 [main] TRACE - Resolving type for handle ctborders0d66type
00:04:01.654 [main] TRACE - Resolving type for handle ctborderf935type
00:04:01.658 [main] TRACE - Resolving type for handle ctcellxfs1322type
00:04:01.661 [main] TRACE - Resolving type for handle ctxf97f7type
00:04:01.664 [main] TRACE - Resolving type for handle ctcellstylexfsa81ftype
00:04:01.667 [main] TRACE - Resolving type for handle ctdxfsb26atype
00:04:01.669 [main] TRACE - Resolving type for handle cttablestyles872ftype
00:04:01.675 [main] TRACE - Resolving type for handle sstf81fdoctype
00:04:01.680 [main] TRACE - Resolving type for handle ctsst44f3type
00:04:01.689 [main] TRACE - Resolving type for handle ctrsta472type
00:04:01.709 [main] TRACE - Resolving type for handle workbookec17doctype
00:04:01.713 [main] TRACE - Resolving type for handle ctworkbook83c3type
00:04:01.717 [main] TRACE - Resolving type for handle ctsheets49fdtype
00:04:01.719 [main] TRACE - Resolving type for handle ctsheet4dbetype
00:04:01.722 [main] TRACE - Resolving type for handle strelationshipid1e94type
00:04:01.724 [main] TRACE - Resolving type for handle worksheetf539doctype
00:04:01.729 [main] TRACE - Resolving type for handle ctworksheet530dtype
00:04:01.735 [main] TRACE - Resolving type for handle ctcols627ctype
00:04:01.740 [main] TRACE - Resolving type for handle ctcola95ftype
00:04:01.753 [main] TRACE - Resolving type for handle ctsheetdata8408type
00:04:01.756 [main] TRACE - Resolving type for handle ctrowdd39type
00:04:01.759 [main] TRACE - Resolving type for handle ctcell842btype
00:04:01.765 [main] TRACE - Resolving type for handle stcellrefe4e0type
00:04:01.770 [main] TRACE - Resolving type for handle cthyperlinks6416type
00:04:01.771 [main] TRACE - Resolving type for handle cthyperlink0c85type
00:04:01.776 [main] TRACE - Resolving type for handle stxstringf179type
00:04:01.778 [main] TRACE - Resolving type for handle stcelltypebf95type
00:04:01.785 [main] INFO  - Provided username and password
00:04:02.060 [main] INFO  - Clicked Login button
00:04:02.509 [main] INFO  - Logout the page----
00:04:05.187 [main] INFO  - Clicked on Login Menu
00:04:05.763 [main] DEBUG - Parsing relationship: /xl/_rels/workbook.xml.rels
00:04:05.765 [main] DEBUG - Parsing relationship: /xl/worksheets/_rels/sheet1.xml.rels
00:04:05.766 [main] DEBUG - Parsing relationship: /_rels/.rels
00:04:05.795 [main] INFO  - Provided username and password
00:04:06.085 [main] INFO  - Clicked Login button
00:04:26.125 [main] INFO  - Unale to Login the page----
00:04:28.963 [main] INFO  - Clicked on Login Menu
00:04:29.644 [main] DEBUG - Parsing relationship: /xl/_rels/workbook.xml.rels
00:04:29.644 [main] DEBUG - Parsing relationship: /xl/worksheets/_rels/sheet1.xml.rels
00:04:29.651 [main] DEBUG - Parsing relationship: /_rels/.rels
00:04:29.691 [main] INFO  - Provided username and password
00:04:30.121 [main] INFO  - Clicked Login button
00:04:50.167 [main] INFO  - Unale to Login the page----
00:04:52.883 [main] INFO  - Clicked on Login Menu
00:04:53.536 [main] INFO  - Provided email and password
00:04:53.849 [main] INFO  - Clicked on Login button 
00:04:54.494 [main] INFO  - Login Success
00:04:57.136 [main] INFO  - Clicked on Login Menu
00:04:57.832 [main] INFO  - Provided email and password
00:04:58.130 [main] INFO  - Clicked on Login button 
00:04:58.256 [main] INFO  - Title is not displayed
00:05:00.677 [main] INFO  - Clicked on Login Menu
00:05:01.275 [main] INFO  - Provided email and password
00:05:01.512 [main] INFO  - Clicked on Login button 
00:05:02.099 [main] INFO  - Login Success
00:05:04.224 [main] INFO  - Clicked on Login Menu
00:05:04.696 [main] INFO  - Provided email and password
00:05:04.943 [main] INFO  - Clicked on Login button 
00:05:27.701 [main] INFO  - Navigated to Account Page---
00:05:28.335 [main] INFO  - Provided user details
00:05:28.976 [main] INFO  - Clicked on continue button-----
00:05:49.078 [main] INFO  - Account Registration Unsuccessful-----
00:05:52.057 [main] INFO  - Navigated to Account Page---
00:05:52.797 [main] INFO  - Provided user details
00:05:53.523 [main] INFO  - Clicked on continue button-----
00:05:54.190 [main] INFO  - Account Registration Successful-----
00:08:00.203 [main] INFO  - Clicked on Login Menu
00:08:00.832 [main] DEBUG - Parsing relationship: /xl/_rels/workbook.xml.rels
00:08:00.836 [main] DEBUG - Parsing relationship: /xl/worksheets/_rels/sheet1.xml.rels
00:08:00.837 [main] DEBUG - Parsing relationship: /_rels/.rels
00:08:00.984 [main] TRACE - Loading type system org.apache.poi.schemas.ooxml.system.ooxml
00:08:00.986 [main] TRACE - Loading type system org.apache.xmlbeans.metadata.system.sXMLCONFIG
00:08:00.987 [main] TRACE - Loading type system org.apache.xmlbeans.metadata.system.sXMLLANG
00:08:00.988 [main] TRACE - Loading type system org.apache.xmlbeans.metadata.system.sXMLSCHEMA
00:08:00.989 [main] TRACE - Loading type system org.apache.xmlbeans.metadata.system.sXMLTOOLS
00:08:00.990 [main] TRACE - Reading unresolved handles for type system org.apache.xmlbeans.metadata.system.sXMLTOOLS
00:08:01.000 [main] TRACE - Finished loading type system org.apache.xmlbeans.metadata.system.sXMLTOOLS
00:08:01.002 [main] TRACE - Reading unresolved handles for type system org.apache.xmlbeans.metadata.system.sXMLSCHEMA
00:08:01.007 [main] TRACE - Finished loading type system org.apache.xmlbeans.metadata.system.sXMLSCHEMA
00:08:01.009 [main] TRACE - Reading unresolved handles for type system org.apache.xmlbeans.metadata.system.sXMLLANG
00:08:01.009 [main] TRACE - Finished loading type system org.apache.xmlbeans.metadata.system.sXMLLANG
00:08:01.010 [main] TRACE - Reading unresolved handles for type system org.apache.xmlbeans.metadata.system.sXMLCONFIG
00:08:01.012 [main] TRACE - Finished loading type system org.apache.xmlbeans.metadata.system.sXMLCONFIG
00:08:01.014 [main] TRACE - Reading unresolved handles for type system org.apache.poi.schemas.ooxml.system.ooxml
00:08:01.064 [main] TRACE - Finished loading type system org.apache.poi.schemas.ooxml.system.ooxml
00:08:01.065 [main] TRACE - Resolving type for handle themefd26doctype
00:08:01.115 [main] TRACE - Resolving type for handle stylesheet5d8bdoctype
00:08:01.121 [main] TRACE - Resolving type for handle ctstylesheet4257type
00:08:01.124 [main] TRACE - Resolving type for handle ctfonts6623type
00:08:01.126 [main] TRACE - Resolving type for handle ctfont14d8type
00:08:01.131 [main] TRACE - Resolving type for handle ctfills2c6ftype
00:08:01.133 [main] TRACE - Resolving type for handle ctfill550ctype
00:08:01.135 [main] TRACE - Resolving type for handle ctborders0d66type
00:08:01.137 [main] TRACE - Resolving type for handle ctborderf935type
00:08:01.139 [main] TRACE - Resolving type for handle ctcellxfs1322type
00:08:01.142 [main] TRACE - Resolving type for handle ctxf97f7type
00:08:01.144 [main] TRACE - Resolving type for handle ctcellstylexfsa81ftype
00:08:01.147 [main] TRACE - Resolving type for handle ctdxfsb26atype
00:08:01.149 [main] TRACE - Resolving type for handle cttablestyles872ftype
00:08:01.153 [main] TRACE - Resolving type for handle sstf81fdoctype
00:08:01.157 [main] TRACE - Resolving type for handle ctsst44f3type
00:08:01.165 [main] TRACE - Resolving type for handle ctrsta472type
00:08:01.183 [main] TRACE - Resolving type for handle workbookec17doctype
00:08:01.187 [main] TRACE - Resolving type for handle ctworkbook83c3type
00:08:01.192 [main] TRACE - Resolving type for handle ctsheets49fdtype
00:08:01.195 [main] TRACE - Resolving type for handle ctsheet4dbetype
00:08:01.196 [main] TRACE - Resolving type for handle strelationshipid1e94type
00:08:01.198 [main] TRACE - Resolving type for handle worksheetf539doctype
00:08:01.204 [main] TRACE - Resolving type for handle ctworksheet530dtype
00:08:01.211 [main] TRACE - Resolving type for handle ctcols627ctype
00:08:01.215 [main] TRACE - Resolving type for handle ctcola95ftype
00:08:01.227 [main] TRACE - Resolving type for handle ctsheetdata8408type
00:08:01.230 [main] TRACE - Resolving type for handle ctrowdd39type
00:08:01.234 [main] TRACE - Resolving type for handle ctcell842btype
00:08:01.239 [main] TRACE - Resolving type for handle stcellrefe4e0type
00:08:01.242 [main] TRACE - Resolving type for handle cthyperlinks6416type
00:08:01.244 [main] TRACE - Resolving type for handle cthyperlink0c85type
00:08:01.249 [main] TRACE - Resolving type for handle stxstringf179type
00:08:01.251 [main] TRACE - Resolving type for handle stcelltypebf95type
00:08:01.259 [main] INFO  - Provided username and password
00:08:01.526 [main] INFO  - Clicked Login button
00:08:01.942 [main] INFO  - Logout the page----
00:08:04.525 [main] INFO  - Clicked on Login Menu
00:08:05.064 [main] DEBUG - Parsing relationship: /xl/_rels/workbook.xml.rels
00:08:05.065 [main] DEBUG - Parsing relationship: /xl/worksheets/_rels/sheet1.xml.rels
00:08:05.066 [main] DEBUG - Parsing relationship: /_rels/.rels
00:08:05.092 [main] INFO  - Provided username and password
00:08:05.385 [main] INFO  - Clicked Login button
00:08:25.451 [main] INFO  - Unale to Login the page----
00:08:28.208 [main] INFO  - Clicked on Login Menu
00:08:28.887 [main] DEBUG - Parsing relationship: /xl/_rels/workbook.xml.rels
00:08:28.887 [main] DEBUG - Parsing relationship: /xl/worksheets/_rels/sheet1.xml.rels
00:08:28.887 [main] DEBUG - Parsing relationship: /_rels/.rels
00:08:28.944 [main] INFO  - Provided username and password
00:08:29.378 [main] INFO  - Clicked Login button
00:08:49.379 [main] INFO  - Unale to Login the page----
00:08:52.081 [main] INFO  - Clicked on Login Menu
00:08:52.706 [main] INFO  - Provided email and password
00:08:53.013 [main] INFO  - Clicked on Login button 
00:08:53.687 [main] INFO  - Login Success
00:08:56.218 [main] INFO  - Clicked on Login Menu
00:08:56.763 [main] INFO  - Provided email and password
00:08:57.011 [main] INFO  - Clicked on Login button 
00:08:59.175 [main] INFO  - Clicked on Login Menu
00:08:59.663 [main] INFO  - Provided email and password
00:08:59.909 [main] INFO  - Clicked on Login button 
00:09:00.412 [main] INFO  - Login Success
00:09:02.502 [main] INFO  - Clicked on Login Menu
00:09:02.996 [main] INFO  - Provided email and password
00:09:03.232 [main] INFO  - Clicked on Login button 
00:09:26.036 [main] INFO  - Navigated to Account Page---
00:09:26.744 [main] INFO  - Provided user details
00:09:27.415 [main] INFO  - Clicked on continue button-----
00:09:50.193 [main] INFO  - Navigated to Account Page---
00:09:50.907 [main] INFO  - Provided user details
00:09:51.639 [main] INFO  - Clicked on continue button-----
00:09:52.278 [main] INFO  - Account Registration Successful-----
00:14:54.547 [main] INFO  - Clicked on Login Menu
00:14:55.219 [main] DEBUG - Parsing relationship: /xl/_rels/workbook.xml.rels
00:14:55.223 [main] DEBUG - Parsing relationship: /xl/worksheets/_rels/sheet1.xml.rels
00:14:55.224 [main] DEBUG - Parsing relationship: /_rels/.rels
00:14:55.364 [main] TRACE - Loading type system org.apache.poi.schemas.ooxml.system.ooxml
00:14:55.366 [main] TRACE - Loading type system org.apache.xmlbeans.metadata.system.sXMLCONFIG
00:14:55.368 [main] TRACE - Loading type system org.apache.xmlbeans.metadata.system.sXMLLANG
00:14:55.369 [main] TRACE - Loading type system org.apache.xmlbeans.metadata.system.sXMLSCHEMA
00:14:55.369 [main] TRACE - Loading type system org.apache.xmlbeans.metadata.system.sXMLTOOLS
00:14:55.371 [main] TRACE - Reading unresolved handles for type system org.apache.xmlbeans.metadata.system.sXMLTOOLS
00:14:55.380 [main] TRACE - Finished loading type system org.apache.xmlbeans.metadata.system.sXMLTOOLS
00:14:55.381 [main] TRACE - Reading unresolved handles for type system org.apache.xmlbeans.metadata.system.sXMLSCHEMA
00:14:55.386 [main] TRACE - Finished loading type system org.apache.xmlbeans.metadata.system.sXMLSCHEMA
00:14:55.387 [main] TRACE - Reading unresolved handles for type system org.apache.xmlbeans.metadata.system.sXMLLANG
00:14:55.388 [main] TRACE - Finished loading type system org.apache.xmlbeans.metadata.system.sXMLLANG
00:14:55.389 [main] TRACE - Reading unresolved handles for type system org.apache.xmlbeans.metadata.system.sXMLCONFIG
00:14:55.390 [main] TRACE - Finished loading type system org.apache.xmlbeans.metadata.system.sXMLCONFIG
00:14:55.390 [main] TRACE - Reading unresolved handles for type system org.apache.poi.schemas.ooxml.system.ooxml
00:14:55.433 [main] TRACE - Finished loading type system org.apache.poi.schemas.ooxml.system.ooxml
00:14:55.434 [main] TRACE - Resolving type for handle themefd26doctype
00:14:55.484 [main] TRACE - Resolving type for handle stylesheet5d8bdoctype
00:14:55.489 [main] TRACE - Resolving type for handle ctstylesheet4257type
00:14:55.493 [main] TRACE - Resolving type for handle ctfonts6623type
00:14:55.497 [main] TRACE - Resolving type for handle ctfont14d8type
00:14:55.502 [main] TRACE - Resolving type for handle ctfills2c6ftype
00:14:55.504 [main] TRACE - Resolving type for handle ctfill550ctype
00:14:55.507 [main] TRACE - Resolving type for handle ctborders0d66type
00:14:55.509 [main] TRACE - Resolving type for handle ctborderf935type
00:14:55.513 [main] TRACE - Resolving type for handle ctcellxfs1322type
00:14:55.515 [main] TRACE - Resolving type for handle ctxf97f7type
00:14:55.518 [main] TRACE - Resolving type for handle ctcellstylexfsa81ftype
00:14:55.520 [main] TRACE - Resolving type for handle ctdxfsb26atype
00:14:55.522 [main] TRACE - Resolving type for handle cttablestyles872ftype
00:14:55.526 [main] TRACE - Resolving type for handle sstf81fdoctype
00:14:55.530 [main] TRACE - Resolving type for handle ctsst44f3type
00:14:55.538 [main] TRACE - Resolving type for handle ctrsta472type
00:14:55.556 [main] TRACE - Resolving type for handle workbookec17doctype
00:14:55.561 [main] TRACE - Resolving type for handle ctworkbook83c3type
00:14:55.565 [main] TRACE - Resolving type for handle ctsheets49fdtype
00:14:55.567 [main] TRACE - Resolving type for handle ctsheet4dbetype
00:14:55.568 [main] TRACE - Resolving type for handle strelationshipid1e94type
00:14:55.571 [main] TRACE - Resolving type for handle worksheetf539doctype
00:14:55.576 [main] TRACE - Resolving type for handle ctworksheet530dtype
00:14:55.583 [main] TRACE - Resolving type for handle ctcols627ctype
00:14:55.588 [main] TRACE - Resolving type for handle ctcola95ftype
00:14:55.601 [main] TRACE - Resolving type for handle ctsheetdata8408type
00:14:55.603 [main] TRACE - Resolving type for handle ctrowdd39type
00:14:55.607 [main] TRACE - Resolving type for handle ctcell842btype
00:14:55.612 [main] TRACE - Resolving type for handle stcellrefe4e0type
00:14:55.616 [main] TRACE - Resolving type for handle cthyperlinks6416type
00:14:55.618 [main] TRACE - Resolving type for handle cthyperlink0c85type
00:14:55.623 [main] TRACE - Resolving type for handle stxstringf179type
00:14:55.625 [main] TRACE - Resolving type for handle stcelltypebf95type
00:14:55.633 [main] INFO  - Provided username and password
00:14:55.903 [main] INFO  - Clicked Login button
00:14:56.321 [main] INFO  - Logout the page----
00:14:58.630 [main] INFO  - Clicked on Login Menu
00:14:59.196 [main] DEBUG - Parsing relationship: /xl/_rels/workbook.xml.rels
00:14:59.197 [main] DEBUG - Parsing relationship: /xl/worksheets/_rels/sheet1.xml.rels
00:14:59.198 [main] DEBUG - Parsing relationship: /_rels/.rels
00:14:59.220 [main] INFO  - Provided username and password
00:14:59.550 [main] INFO  - Clicked Login button
00:15:19.610 [main] INFO  - Unale to Login the page----
00:15:22.034 [main] INFO  - Clicked on Login Menu
00:15:22.735 [main] DEBUG - Parsing relationship: /xl/_rels/workbook.xml.rels
00:15:22.735 [main] DEBUG - Parsing relationship: /xl/worksheets/_rels/sheet1.xml.rels
00:15:22.735 [main] DEBUG - Parsing relationship: /_rels/.rels
00:15:22.777 [main] INFO  - Provided username and password
00:15:23.207 [main] INFO  - Clicked Login button
00:15:43.223 [main] INFO  - Unale to Login the page----
00:15:45.842 [main] INFO  - Clicked on Login Menu
00:15:46.577 [main] INFO  - Provided email and password
00:15:46.820 [main] INFO  - Clicked on Login button 
00:15:47.453 [main] INFO  - Login Success
00:15:49.751 [main] INFO  - Clicked on Login Menu
00:15:50.258 [main] INFO  - Provided email and password
00:15:50.472 [main] INFO  - Clicked on Login button 
00:15:52.478 [main] INFO  - Clicked on Login Menu
00:15:52.986 [main] INFO  - Provided email and password
00:15:53.234 [main] INFO  - Clicked on Login button 
00:15:53.706 [main] INFO  - Login Success
00:15:55.682 [main] INFO  - Clicked on Login Menu
00:15:56.208 [main] INFO  - Provided email and password
00:15:56.463 [main] INFO  - Clicked on Login button 
00:16:18.793 [main] INFO  - Navigated to Account Page---
00:16:19.441 [main] INFO  - Provided user details
00:16:20.015 [main] INFO  - Clicked on continue button-----
00:16:42.689 [main] INFO  - Navigated to Account Page---
00:16:43.366 [main] INFO  - Provided user details
00:16:43.992 [main] INFO  - Clicked on continue button-----
00:16:44.716 [main] INFO  - Account Registration Successful-----
