10:24:57.143 [main] INFO  - Clicked on Login Menu
10:24:57.804 [main] INFO  - Provided email and password
10:26:07.390 [main] INFO  - Clicked on Login Menu
10:26:08.046 [main] INFO  - Provided email and password
10:30:24.531 [main] INFO  - Clicked on Login Menu
10:30:25.159 [main] INFO  - Provided email and password
10:30:25.404 [main] INFO  - Clicked on Login button 
10:30:25.916 [main] INFO  - Login Success
10:32:49.480 [main] INFO  - Clicked on Login Menu
10:32:50.185 [main] INFO  - Provided email and password
10:32:50.471 [main] INFO  - Clicked on Login button 
10:32:51.094 [main] INFO  - Login Success
10:32:53.171 [main] INFO  - Clicked on Login Menu
10:32:53.705 [main] INFO  - Provided email and password
10:32:53.926 [main] INFO  - Clicked on Login button 
10:32:54.039 [main] INFO  - Title is not displayed
10:51:24.685 [main] INFO  - Clicked on Login Menu
10:51:25.285 [main] INFO  - Provided email and password
10:51:25.523 [main] INFO  - Clicked on Login button 
10:51:26.036 [main] INFO  - Login Success
10:51:28.135 [main] INFO  - Clicked on Login Menu
10:51:28.687 [main] INFO  - Provided email and password
10:51:28.948 [main] INFO  - Clicked on Login button 
10:51:29.059 [main] INFO  - Title is not displayed
10:51:31.470 [main] INFO  - Navigated to Account Page---
10:51:31.596 [main] INFO  - Provided user details
10:52:47.578 [main] INFO  - Clicked on Login Menu
10:52:48.184 [main] INFO  - Provided email and password
10:52:48.427 [main] INFO  - Clicked on Login button 
10:52:48.948 [main] INFO  - Login Success
10:52:51.039 [main] INFO  - Clicked on Login Menu
10:52:51.529 [main] INFO  - Provided email and password
10:52:51.760 [main] INFO  - Clicked on Login button 
10:52:51.857 [main] INFO  - Title is not displayed
10:52:54.214 [main] INFO  - Navigated to Account Page---
10:52:54.307 [main] INFO  - Provided user details
10:54:36.255 [main] INFO  - Clicked on Login Menu
10:54:36.870 [main] INFO  - Provided email and password
10:54:37.125 [main] INFO  - Clicked on Login button 
10:54:37.641 [main] INFO  - Login Success
10:54:39.682 [main] INFO  - Clicked on Login Menu
10:54:40.197 [main] INFO  - Provided email and password
10:54:40.429 [main] INFO  - Clicked on Login button 
10:54:40.535 [main] INFO  - Title is not displayed
10:54:42.829 [main] INFO  - Navigated to Account Page---
10:54:43.376 [main] INFO  - Provided user details
10:54:43.834 [main] INFO  - Clicked on continue button-----
10:54:44.476 [main] INFO  - Account Registration Successful-----
11:09:54.432 [main] INFO  - Clicked on Login Menu
11:09:55.142 [main] INFO  - Provided email and password
11:09:55.403 [main] INFO  - Clicked on Login button 
11:09:55.931 [main] INFO  - Login Success
11:09:57.987 [main] INFO  - Clicked on Login Menu
11:09:58.500 [main] INFO  - Provided email and password
11:09:58.739 [main] INFO  - Clicked on Login button 
11:09:58.843 [main] INFO  - Title is not displayed
11:10:01.190 [main] INFO  - Navigated to Account Page---
11:10:01.723 [main] INFO  - Provided user details
11:10:02.171 [main] INFO  - Clicked on continue button-----
11:10:22.260 [main] INFO  - Account Registration Unsuccessful-----
11:39:31.699 [main] INFO  - Clicked on Login Menu
11:39:32.173 [main] INFO  - Provided email and password
11:39:32.437 [main] INFO  - Clicked on Login button 
11:39:33.004 [main] INFO  - Login Success
11:39:35.003 [main] INFO  - Clicked on Login Menu
11:39:35.446 [main] INFO  - Provided email and password
11:39:35.683 [main] INFO  - Clicked on Login button 
11:39:35.785 [main] INFO  - Title is not displayed
11:39:38.217 [main] INFO  - Navigated to Account Page---
11:39:38.780 [main] INFO  - Provided user details
11:39:39.327 [main] INFO  - Clicked on continue button-----
11:39:59.491 [main] INFO  - Account Registration Unsuccessful-----
11:50:52.584 [main] INFO  - Clicked on Login Menu
11:50:54.917 [main] INFO  - Clicked on Login Menu
11:54:15.880 [main] INFO  - Clicked on Login Menu
11:54:16.366 [main] INFO  - Provided email and password
11:54:16.618 [main] INFO  - Clicked on Login button 
11:54:17.127 [main] INFO  - Login Success
11:54:19.337 [main] INFO  - Clicked on Login Menu
11:54:19.805 [main] INFO  - Provided email and password
11:54:20.048 [main] INFO  - Clicked on Login button 
11:54:20.139 [main] INFO  - Title is not displayed
11:54:22.474 [main] INFO  - Navigated to Account Page---
11:54:22.966 [main] INFO  - Provided user details
11:54:23.372 [main] INFO  - Clicked on continue button-----
11:54:43.474 [main] INFO  - Account Registration Unsuccessful-----
11:56:38.318 [main] INFO  - Clicked on Login Menu
11:56:38.785 [main] INFO  - Provided email and password
11:56:38.989 [main] INFO  - Clicked on Login button 
11:56:39.432 [main] INFO  - Login Success
11:56:41.375 [main] INFO  - Clicked on Login Menu
11:56:41.887 [main] INFO  - Provided email and password
11:56:42.088 [main] INFO  - Clicked on Login button 
11:56:42.179 [main] INFO  - Title is not displayed
11:57:12.508 [main] INFO  - Clicked on Login Menu
11:57:12.949 [main] INFO  - Provided email and password
11:57:13.159 [main] INFO  - Clicked on Login button 
11:57:13.601 [main] INFO  - Login Success
11:57:15.527 [main] INFO  - Clicked on Login Menu
11:57:15.992 [main] INFO  - Provided email and password
11:57:16.204 [main] INFO  - Clicked on Login button 
11:57:16.298 [main] INFO  - Title is not displayed
11:57:18.562 [main] INFO  - Clicked on Login Menu
11:57:19.012 [main] INFO  - Provided email and password
11:57:19.228 [main] INFO  - Clicked on Login button 
11:57:19.636 [main] INFO  - Login Success
11:57:21.547 [main] INFO  - Clicked on Login Menu
11:57:21.986 [main] INFO  - Provided email and password
11:57:22.212 [main] INFO  - Clicked on Login button 
11:57:42.298 [main] INFO  - Login Failure
12:49:02.852 [main] INFO  - Clicked on Login Menu
12:49:03.335 [main] INFO  - Provided email and password
12:49:03.550 [main] INFO  - Clicked on Login button 
12:49:04.020 [main] INFO  - Login Success
12:49:05.981 [main] INFO  - Clicked on Login Menu
12:49:06.468 [main] INFO  - Provided email and password
12:49:06.696 [main] INFO  - Clicked on Login button 
12:49:06.825 [main] INFO  - Title is not displayed
12:49:09.026 [main] INFO  - Clicked on Login Menu
12:49:09.481 [main] INFO  - Provided email and password
12:49:09.693 [main] INFO  - Clicked on Login button 
12:49:10.109 [main] INFO  - Login Success
12:49:12.093 [main] INFO  - Clicked on Login Menu
12:49:12.563 [main] INFO  - Provided email and password
12:49:12.795 [main] INFO  - Clicked on Login button 
12:49:32.911 [main] INFO  - Login Failure
12:49:35.069 [main] INFO  - Navigated to Account Page---
12:49:35.527 [main] INFO  - Provided user details
12:49:35.947 [main] INFO  - Clicked on continue button-----
12:49:56.038 [main] INFO  - Account Registration Unsuccessful-----
12:50:55.130 [main] INFO  - Clicked on Login Menu
12:50:55.743 [main] DEBUG - Parsing relationship: /xl/_rels/workbook.xml.rels
12:50:55.745 [main] DEBUG - Parsing relationship: /xl/worksheets/_rels/sheet1.xml.rels
12:50:55.746 [main] DEBUG - Parsing relationship: /_rels/.rels
12:50:55.989 [main] TRACE - Loading type system org.apache.poi.schemas.ooxml.system.ooxml
12:50:55.993 [main] TRACE - Loading type system org.apache.xmlbeans.metadata.system.sXMLCONFIG
12:50:55.994 [main] TRACE - Loading type system org.apache.xmlbeans.metadata.system.sXMLLANG
12:50:56.000 [main] TRACE - Loading type system org.apache.xmlbeans.metadata.system.sXMLSCHEMA
12:50:56.001 [main] TRACE - Loading type system org.apache.xmlbeans.metadata.system.sXMLTOOLS
12:50:56.001 [main] TRACE - Reading unresolved handles for type system org.apache.xmlbeans.metadata.system.sXMLTOOLS
12:50:56.015 [main] TRACE - Finished loading type system org.apache.xmlbeans.metadata.system.sXMLTOOLS
12:50:56.016 [main] TRACE - Reading unresolved handles for type system org.apache.xmlbeans.metadata.system.sXMLSCHEMA
12:50:56.019 [main] TRACE - Finished loading type system org.apache.xmlbeans.metadata.system.sXMLSCHEMA
12:50:56.020 [main] TRACE - Reading unresolved handles for type system org.apache.xmlbeans.metadata.system.sXMLLANG
12:50:56.021 [main] TRACE - Finished loading type system org.apache.xmlbeans.metadata.system.sXMLLANG
12:50:56.022 [main] TRACE - Reading unresolved handles for type system org.apache.xmlbeans.metadata.system.sXMLCONFIG
12:50:56.023 [main] TRACE - Finished loading type system org.apache.xmlbeans.metadata.system.sXMLCONFIG
12:50:56.024 [main] TRACE - Reading unresolved handles for type system org.apache.poi.schemas.ooxml.system.ooxml
12:50:56.064 [main] TRACE - Finished loading type system org.apache.poi.schemas.ooxml.system.ooxml
12:50:56.065 [main] TRACE - Resolving type for handle themefd26doctype
12:50:56.135 [main] TRACE - Resolving type for handle stylesheet5d8bdoctype
12:50:56.141 [main] TRACE - Resolving type for handle ctstylesheet4257type
12:50:56.148 [main] TRACE - Resolving type for handle ctfonts6623type
12:50:56.153 [main] TRACE - Resolving type for handle ctfont14d8type
12:50:56.160 [main] TRACE - Resolving type for handle ctfills2c6ftype
12:50:56.162 [main] TRACE - Resolving type for handle ctfill550ctype
12:50:56.163 [main] TRACE - Resolving type for handle ctborders0d66type
12:50:56.167 [main] TRACE - Resolving type for handle ctborderf935type
12:50:56.171 [main] TRACE - Resolving type for handle ctcellxfs1322type
12:50:56.175 [main] TRACE - Resolving type for handle ctxf97f7type
12:50:56.178 [main] TRACE - Resolving type for handle ctcellstylexfsa81ftype
12:50:56.180 [main] TRACE - Resolving type for handle ctdxfsb26atype
12:50:56.183 [main] TRACE - Resolving type for handle cttablestyles872ftype
12:50:56.189 [main] TRACE - Resolving type for handle sstf81fdoctype
12:50:56.193 [main] TRACE - Resolving type for handle ctsst44f3type
12:50:56.206 [main] TRACE - Resolving type for handle ctrsta472type
12:50:56.224 [main] TRACE - Resolving type for handle workbookec17doctype
12:50:56.228 [main] TRACE - Resolving type for handle ctworkbook83c3type
12:50:56.233 [main] TRACE - Resolving type for handle ctsheets49fdtype
12:50:56.238 [main] TRACE - Resolving type for handle ctsheet4dbetype
12:50:56.240 [main] TRACE - Resolving type for handle strelationshipid1e94type
12:50:56.244 [main] TRACE - Resolving type for handle worksheetf539doctype
12:50:56.251 [main] TRACE - Resolving type for handle ctworksheet530dtype
12:50:56.259 [main] TRACE - Resolving type for handle ctcols627ctype
12:50:56.264 [main] TRACE - Resolving type for handle ctcola95ftype
12:50:56.282 [main] TRACE - Resolving type for handle ctsheetdata8408type
12:50:56.286 [main] TRACE - Resolving type for handle ctrowdd39type
12:50:56.293 [main] TRACE - Resolving type for handle ctcell842btype
12:50:56.299 [main] TRACE - Resolving type for handle stcellrefe4e0type
12:50:56.306 [main] TRACE - Resolving type for handle cthyperlinks6416type
12:50:56.310 [main] TRACE - Resolving type for handle cthyperlink0c85type
12:50:56.316 [main] TRACE - Resolving type for handle stxstringf179type
12:50:56.319 [main] TRACE - Resolving type for handle stcelltypebf95type
12:50:58.523 [main] INFO  - Clicked on Login Menu
12:50:58.991 [main] DEBUG - Parsing relationship: /xl/_rels/workbook.xml.rels
12:50:58.992 [main] DEBUG - Parsing relationship: /xl/worksheets/_rels/sheet1.xml.rels
12:50:58.993 [main] DEBUG - Parsing relationship: /_rels/.rels
12:51:01.069 [main] INFO  - Clicked on Login Menu
12:51:01.536 [main] DEBUG - Parsing relationship: /xl/_rels/workbook.xml.rels
12:51:01.537 [main] DEBUG - Parsing relationship: /xl/worksheets/_rels/sheet1.xml.rels
12:51:01.537 [main] DEBUG - Parsing relationship: /_rels/.rels
12:51:03.704 [main] INFO  - Clicked on Login Menu
12:51:04.156 [main] INFO  - Provided email and password
12:51:04.355 [main] INFO  - Clicked on Login button 
12:51:04.778 [main] INFO  - Login Success
12:51:06.697 [main] INFO  - Clicked on Login Menu
12:51:07.184 [main] INFO  - Provided email and password
12:51:07.400 [main] INFO  - Clicked on Login button 
12:51:07.505 [main] INFO  - Title is not displayed
12:51:09.549 [main] INFO  - Clicked on Login Menu
12:51:10.014 [main] INFO  - Provided email and password
12:51:10.232 [main] INFO  - Clicked on Login button 
12:51:10.643 [main] INFO  - Login Success
12:51:12.597 [main] INFO  - Clicked on Login Menu
12:51:13.096 [main] INFO  - Provided email and password
12:51:13.311 [main] INFO  - Clicked on Login button 
12:51:33.394 [main] INFO  - Login Failure
12:51:35.564 [main] INFO  - Navigated to Account Page---
12:51:36.040 [main] INFO  - Provided user details
12:51:36.468 [main] INFO  - Clicked on continue button-----
12:51:56.547 [main] INFO  - Account Registration Unsuccessful-----
12:55:51.927 [main] INFO  - Clicked on Login Menu
12:55:52.530 [main] DEBUG - Parsing relationship: /xl/_rels/workbook.xml.rels
12:55:52.532 [main] DEBUG - Parsing relationship: /xl/worksheets/_rels/sheet1.xml.rels
12:55:52.534 [main] DEBUG - Parsing relationship: /_rels/.rels
12:55:52.672 [main] TRACE - Loading type system org.apache.poi.schemas.ooxml.system.ooxml
12:55:52.675 [main] TRACE - Loading type system org.apache.xmlbeans.metadata.system.sXMLCONFIG
12:55:52.676 [main] TRACE - Loading type system org.apache.xmlbeans.metadata.system.sXMLLANG
12:55:52.677 [main] TRACE - Loading type system org.apache.xmlbeans.metadata.system.sXMLSCHEMA
12:55:52.677 [main] TRACE - Loading type system org.apache.xmlbeans.metadata.system.sXMLTOOLS
12:55:52.678 [main] TRACE - Reading unresolved handles for type system org.apache.xmlbeans.metadata.system.sXMLTOOLS
12:55:52.687 [main] TRACE - Finished loading type system org.apache.xmlbeans.metadata.system.sXMLTOOLS
12:55:52.689 [main] TRACE - Reading unresolved handles for type system org.apache.xmlbeans.metadata.system.sXMLSCHEMA
12:55:52.692 [main] TRACE - Finished loading type system org.apache.xmlbeans.metadata.system.sXMLSCHEMA
12:55:52.692 [main] TRACE - Reading unresolved handles for type system org.apache.xmlbeans.metadata.system.sXMLLANG
12:55:52.694 [main] TRACE - Finished loading type system org.apache.xmlbeans.metadata.system.sXMLLANG
12:55:52.695 [main] TRACE - Reading unresolved handles for type system org.apache.xmlbeans.metadata.system.sXMLCONFIG
12:55:52.696 [main] TRACE - Finished loading type system org.apache.xmlbeans.metadata.system.sXMLCONFIG
12:55:52.697 [main] TRACE - Reading unresolved handles for type system org.apache.poi.schemas.ooxml.system.ooxml
12:55:52.745 [main] TRACE - Finished loading type system org.apache.poi.schemas.ooxml.system.ooxml
12:55:52.745 [main] TRACE - Resolving type for handle themefd26doctype
12:55:52.800 [main] TRACE - Resolving type for handle stylesheet5d8bdoctype
12:55:52.804 [main] TRACE - Resolving type for handle ctstylesheet4257type
12:55:52.809 [main] TRACE - Resolving type for handle ctfonts6623type
12:55:52.811 [main] TRACE - Resolving type for handle ctfont14d8type
12:55:52.817 [main] TRACE - Resolving type for handle ctfills2c6ftype
12:55:52.818 [main] TRACE - Resolving type for handle ctfill550ctype
12:55:52.820 [main] TRACE - Resolving type for handle ctborders0d66type
12:55:52.823 [main] TRACE - Resolving type for handle ctborderf935type
12:55:52.825 [main] TRACE - Resolving type for handle ctcellxfs1322type
12:55:52.829 [main] TRACE - Resolving type for handle ctxf97f7type
12:55:52.831 [main] TRACE - Resolving type for handle ctcellstylexfsa81ftype
12:55:52.834 [main] TRACE - Resolving type for handle ctdxfsb26atype
12:55:52.837 [main] TRACE - Resolving type for handle cttablestyles872ftype
12:55:52.841 [main] TRACE - Resolving type for handle sstf81fdoctype
12:55:52.846 [main] TRACE - Resolving type for handle ctsst44f3type
12:55:52.852 [main] TRACE - Resolving type for handle ctrsta472type
12:55:52.871 [main] TRACE - Resolving type for handle workbookec17doctype
12:55:52.874 [main] TRACE - Resolving type for handle ctworkbook83c3type
12:55:52.879 [main] TRACE - Resolving type for handle ctsheets49fdtype
12:55:52.881 [main] TRACE - Resolving type for handle ctsheet4dbetype
12:55:52.882 [main] TRACE - Resolving type for handle strelationshipid1e94type
12:55:52.884 [main] TRACE - Resolving type for handle worksheetf539doctype
12:55:52.890 [main] TRACE - Resolving type for handle ctworksheet530dtype
12:55:52.896 [main] TRACE - Resolving type for handle ctcols627ctype
12:55:52.901 [main] TRACE - Resolving type for handle ctcola95ftype
12:55:52.913 [main] TRACE - Resolving type for handle ctsheetdata8408type
12:55:52.915 [main] TRACE - Resolving type for handle ctrowdd39type
12:55:52.918 [main] TRACE - Resolving type for handle ctcell842btype
12:55:52.923 [main] TRACE - Resolving type for handle stcellrefe4e0type
12:55:52.927 [main] TRACE - Resolving type for handle cthyperlinks6416type
12:55:52.930 [main] TRACE - Resolving type for handle cthyperlink0c85type
12:55:52.934 [main] TRACE - Resolving type for handle stxstringf179type
12:55:52.937 [main] TRACE - Resolving type for handle stcelltypebf95type
12:55:55.026 [main] INFO  - Clicked on Login Menu
12:55:55.513 [main] DEBUG - Parsing relationship: /xl/_rels/workbook.xml.rels
12:55:55.514 [main] DEBUG - Parsing relationship: /xl/worksheets/_rels/sheet1.xml.rels
12:55:55.515 [main] DEBUG - Parsing relationship: /_rels/.rels
12:55:57.636 [main] INFO  - Clicked on Login Menu
12:55:58.077 [main] DEBUG - Parsing relationship: /xl/_rels/workbook.xml.rels
12:55:58.078 [main] DEBUG - Parsing relationship: /xl/worksheets/_rels/sheet1.xml.rels
12:55:58.080 [main] DEBUG - Parsing relationship: /_rels/.rels
12:56:00.181 [main] INFO  - Clicked on Login Menu
12:56:00.657 [main] INFO  - Provided email and password
12:56:00.867 [main] INFO  - Clicked on Login button 
12:56:01.284 [main] INFO  - Login Success
12:56:03.281 [main] INFO  - Clicked on Login Menu
12:56:03.734 [main] INFO  - Provided email and password
12:56:03.959 [main] INFO  - Clicked on Login button 
12:56:04.058 [main] INFO  - Title is not displayed
12:56:06.196 [main] INFO  - Clicked on Login Menu
12:56:06.658 [main] INFO  - Provided email and password
12:56:06.854 [main] INFO  - Clicked on Login button 
12:56:07.272 [main] INFO  - Login Success
12:56:09.163 [main] INFO  - Clicked on Login Menu
12:56:09.633 [main] INFO  - Provided email and password
12:56:09.869 [main] INFO  - Clicked on Login button 
12:56:29.958 [main] INFO  - Login Failure
12:56:35.063 [main] INFO  - Navigated to Account Page---
12:56:35.697 [main] INFO  - Provided user details
12:56:36.130 [main] INFO  - Clicked on continue button-----
12:56:56.212 [main] INFO  - Account Registration Unsuccessful-----
13:07:13.631 [main] INFO  - Clicked on Login Menu
13:07:14.260 [main] DEBUG - Parsing relationship: /xl/_rels/workbook.xml.rels
13:07:14.262 [main] DEBUG - Parsing relationship: /xl/worksheets/_rels/sheet1.xml.rels
13:07:14.264 [main] DEBUG - Parsing relationship: /_rels/.rels
13:07:14.400 [main] TRACE - Loading type system org.apache.poi.schemas.ooxml.system.ooxml
13:07:14.403 [main] TRACE - Loading type system org.apache.xmlbeans.metadata.system.sXMLCONFIG
13:07:14.405 [main] TRACE - Loading type system org.apache.xmlbeans.metadata.system.sXMLLANG
13:07:14.405 [main] TRACE - Loading type system org.apache.xmlbeans.metadata.system.sXMLSCHEMA
13:07:14.406 [main] TRACE - Loading type system org.apache.xmlbeans.metadata.system.sXMLTOOLS
13:07:14.407 [main] TRACE - Reading unresolved handles for type system org.apache.xmlbeans.metadata.system.sXMLTOOLS
13:07:14.419 [main] TRACE - Finished loading type system org.apache.xmlbeans.metadata.system.sXMLTOOLS
13:07:14.419 [main] TRACE - Reading unresolved handles for type system org.apache.xmlbeans.metadata.system.sXMLSCHEMA
13:07:14.423 [main] TRACE - Finished loading type system org.apache.xmlbeans.metadata.system.sXMLSCHEMA
13:07:14.424 [main] TRACE - Reading unresolved handles for type system org.apache.xmlbeans.metadata.system.sXMLLANG
13:07:14.425 [main] TRACE - Finished loading type system org.apache.xmlbeans.metadata.system.sXMLLANG
13:07:14.426 [main] TRACE - Reading unresolved handles for type system org.apache.xmlbeans.metadata.system.sXMLCONFIG
13:07:14.427 [main] TRACE - Finished loading type system org.apache.xmlbeans.metadata.system.sXMLCONFIG
13:07:14.428 [main] TRACE - Reading unresolved handles for type system org.apache.poi.schemas.ooxml.system.ooxml
13:07:14.476 [main] TRACE - Finished loading type system org.apache.poi.schemas.ooxml.system.ooxml
13:07:14.476 [main] TRACE - Resolving type for handle themefd26doctype
13:07:14.524 [main] TRACE - Resolving type for handle stylesheet5d8bdoctype
13:07:14.530 [main] TRACE - Resolving type for handle ctstylesheet4257type
13:07:14.535 [main] TRACE - Resolving type for handle ctfonts6623type
13:07:14.537 [main] TRACE - Resolving type for handle ctfont14d8type
13:07:14.543 [main] TRACE - Resolving type for handle ctfills2c6ftype
13:07:14.544 [main] TRACE - Resolving type for handle ctfill550ctype
13:07:14.546 [main] TRACE - Resolving type for handle ctborders0d66type
13:07:14.549 [main] TRACE - Resolving type for handle ctborderf935type
13:07:14.551 [main] TRACE - Resolving type for handle ctcellxfs1322type
13:07:14.553 [main] TRACE - Resolving type for handle ctxf97f7type
13:07:14.556 [main] TRACE - Resolving type for handle ctcellstylexfsa81ftype
13:07:14.557 [main] TRACE - Resolving type for handle ctdxfsb26atype
13:07:14.560 [main] TRACE - Resolving type for handle cttablestyles872ftype
13:07:14.563 [main] TRACE - Resolving type for handle sstf81fdoctype
13:07:14.567 [main] TRACE - Resolving type for handle ctsst44f3type
13:07:14.573 [main] TRACE - Resolving type for handle ctrsta472type
13:07:14.592 [main] TRACE - Resolving type for handle workbookec17doctype
13:07:14.596 [main] TRACE - Resolving type for handle ctworkbook83c3type
13:07:14.601 [main] TRACE - Resolving type for handle ctsheets49fdtype
13:07:14.603 [main] TRACE - Resolving type for handle ctsheet4dbetype
13:07:14.605 [main] TRACE - Resolving type for handle strelationshipid1e94type
13:07:14.607 [main] TRACE - Resolving type for handle worksheetf539doctype
13:07:14.611 [main] TRACE - Resolving type for handle ctworksheet530dtype
13:07:14.619 [main] TRACE - Resolving type for handle ctcols627ctype
13:07:14.623 [main] TRACE - Resolving type for handle ctcola95ftype
13:07:14.635 [main] TRACE - Resolving type for handle ctsheetdata8408type
13:07:14.638 [main] TRACE - Resolving type for handle ctrowdd39type
13:07:14.641 [main] TRACE - Resolving type for handle ctcell842btype
13:07:14.647 [main] TRACE - Resolving type for handle stcellrefe4e0type
13:07:14.650 [main] TRACE - Resolving type for handle cthyperlinks6416type
13:07:14.654 [main] TRACE - Resolving type for handle cthyperlink0c85type
13:07:14.658 [main] TRACE - Resolving type for handle stxstringf179type
13:07:14.660 [main] TRACE - Resolving type for handle stcelltypebf95type
13:07:16.871 [main] INFO  - Clicked on Login Menu
13:07:17.341 [main] DEBUG - Parsing relationship: /xl/_rels/workbook.xml.rels
13:07:17.342 [main] DEBUG - Parsing relationship: /xl/worksheets/_rels/sheet1.xml.rels
13:07:17.344 [main] DEBUG - Parsing relationship: /_rels/.rels
13:07:19.532 [main] INFO  - Clicked on Login Menu
13:07:19.981 [main] DEBUG - Parsing relationship: /xl/_rels/workbook.xml.rels
13:07:19.983 [main] DEBUG - Parsing relationship: /xl/worksheets/_rels/sheet1.xml.rels
13:07:19.984 [main] DEBUG - Parsing relationship: /_rels/.rels
13:07:22.156 [main] INFO  - Clicked on Login Menu
13:07:22.624 [main] INFO  - Provided email and password
13:07:22.833 [main] INFO  - Clicked on Login button 
13:07:23.330 [main] INFO  - Login Success
13:07:25.291 [main] INFO  - Clicked on Login Menu
13:07:25.731 [main] INFO  - Provided email and password
13:07:25.957 [main] INFO  - Clicked on Login button 
13:07:26.067 [main] INFO  - Title is not displayed
13:07:28.182 [main] INFO  - Clicked on Login Menu
13:07:28.643 [main] INFO  - Provided email and password
13:07:28.844 [main] INFO  - Clicked on Login button 
13:07:29.252 [main] INFO  - Login Success
13:07:31.190 [main] INFO  - Clicked on Login Menu
13:07:31.650 [main] INFO  - Provided email and password
13:07:31.883 [main] INFO  - Clicked on Login button 
13:07:51.986 [main] INFO  - Login Failure
13:07:54.064 [main] INFO  - Navigated to Account Page---
13:07:54.508 [main] INFO  - Provided user details
13:07:54.924 [main] INFO  - Clicked on continue button-----
13:08:14.974 [main] INFO  - Account Registration Unsuccessful-----
13:12:15.852 [main] INFO  - Clicked on Login Menu
13:12:16.435 [main] DEBUG - Parsing relationship: /xl/_rels/workbook.xml.rels
13:12:16.438 [main] DEBUG - Parsing relationship: /xl/worksheets/_rels/sheet1.xml.rels
13:12:16.439 [main] DEBUG - Parsing relationship: /_rels/.rels
13:12:16.575 [main] TRACE - Loading type system org.apache.poi.schemas.ooxml.system.ooxml
13:12:16.577 [main] TRACE - Loading type system org.apache.xmlbeans.metadata.system.sXMLCONFIG
13:12:16.578 [main] TRACE - Loading type system org.apache.xmlbeans.metadata.system.sXMLLANG
13:12:16.579 [main] TRACE - Loading type system org.apache.xmlbeans.metadata.system.sXMLSCHEMA
13:12:16.580 [main] TRACE - Loading type system org.apache.xmlbeans.metadata.system.sXMLTOOLS
13:12:16.581 [main] TRACE - Reading unresolved handles for type system org.apache.xmlbeans.metadata.system.sXMLTOOLS
13:12:16.589 [main] TRACE - Finished loading type system org.apache.xmlbeans.metadata.system.sXMLTOOLS
13:12:16.590 [main] TRACE - Reading unresolved handles for type system org.apache.xmlbeans.metadata.system.sXMLSCHEMA
13:12:16.594 [main] TRACE - Finished loading type system org.apache.xmlbeans.metadata.system.sXMLSCHEMA
13:12:16.595 [main] TRACE - Reading unresolved handles for type system org.apache.xmlbeans.metadata.system.sXMLLANG
13:12:16.596 [main] TRACE - Finished loading type system org.apache.xmlbeans.metadata.system.sXMLLANG
13:12:16.597 [main] TRACE - Reading unresolved handles for type system org.apache.xmlbeans.metadata.system.sXMLCONFIG
13:12:16.598 [main] TRACE - Finished loading type system org.apache.xmlbeans.metadata.system.sXMLCONFIG
13:12:16.598 [main] TRACE - Reading unresolved handles for type system org.apache.poi.schemas.ooxml.system.ooxml
13:12:16.637 [main] TRACE - Finished loading type system org.apache.poi.schemas.ooxml.system.ooxml
13:12:16.638 [main] TRACE - Resolving type for handle themefd26doctype
13:12:16.683 [main] TRACE - Resolving type for handle stylesheet5d8bdoctype
13:12:16.688 [main] TRACE - Resolving type for handle ctstylesheet4257type
13:12:16.691 [main] TRACE - Resolving type for handle ctfonts6623type
13:12:16.694 [main] TRACE - Resolving type for handle ctfont14d8type
13:12:16.699 [main] TRACE - Resolving type for handle ctfills2c6ftype
13:12:16.700 [main] TRACE - Resolving type for handle ctfill550ctype
13:12:16.702 [main] TRACE - Resolving type for handle ctborders0d66type
13:12:16.704 [main] TRACE - Resolving type for handle ctborderf935type
13:12:16.706 [main] TRACE - Resolving type for handle ctcellxfs1322type
13:12:16.709 [main] TRACE - Resolving type for handle ctxf97f7type
13:12:16.711 [main] TRACE - Resolving type for handle ctcellstylexfsa81ftype
13:12:16.713 [main] TRACE - Resolving type for handle ctdxfsb26atype
13:12:16.715 [main] TRACE - Resolving type for handle cttablestyles872ftype
13:12:16.717 [main] TRACE - Resolving type for handle sstf81fdoctype
13:12:16.720 [main] TRACE - Resolving type for handle ctsst44f3type
13:12:16.727 [main] TRACE - Resolving type for handle ctrsta472type
13:12:16.742 [main] TRACE - Resolving type for handle workbookec17doctype
13:12:16.746 [main] TRACE - Resolving type for handle ctworkbook83c3type
13:12:16.749 [main] TRACE - Resolving type for handle ctsheets49fdtype
13:12:16.752 [main] TRACE - Resolving type for handle ctsheet4dbetype
13:12:16.754 [main] TRACE - Resolving type for handle strelationshipid1e94type
13:12:16.755 [main] TRACE - Resolving type for handle worksheetf539doctype
13:12:16.759 [main] TRACE - Resolving type for handle ctworksheet530dtype
13:12:16.766 [main] TRACE - Resolving type for handle ctcols627ctype
13:12:16.770 [main] TRACE - Resolving type for handle ctcola95ftype
13:12:16.782 [main] TRACE - Resolving type for handle ctsheetdata8408type
13:12:16.784 [main] TRACE - Resolving type for handle ctrowdd39type
13:12:16.787 [main] TRACE - Resolving type for handle ctcell842btype
13:12:16.792 [main] TRACE - Resolving type for handle stcellrefe4e0type
13:12:16.797 [main] TRACE - Resolving type for handle cthyperlinks6416type
13:12:16.799 [main] TRACE - Resolving type for handle cthyperlink0c85type
13:12:16.803 [main] TRACE - Resolving type for handle stxstringf179type
13:12:16.805 [main] TRACE - Resolving type for handle stcelltypebf95type
13:12:16.811 [main] INFO  - Provided username and password
13:12:17.045 [main] INFO  - Clicked Login button
13:12:17.435 [main] INFO  - Logout the page----
13:12:19.819 [main] INFO  - Clicked on Login Menu
13:12:20.272 [main] DEBUG - Parsing relationship: /xl/_rels/workbook.xml.rels
13:12:20.273 [main] DEBUG - Parsing relationship: /xl/worksheets/_rels/sheet1.xml.rels
13:12:20.275 [main] DEBUG - Parsing relationship: /_rels/.rels
13:12:20.303 [main] INFO  - Provided username and password
13:12:20.541 [main] INFO  - Clicked Login button
13:12:40.589 [main] INFO  - Unale to Login the page----
13:12:42.426 [main] INFO  - Clicked on Login Menu
13:12:42.878 [main] DEBUG - Parsing relationship: /xl/_rels/workbook.xml.rels
13:12:42.878 [main] DEBUG - Parsing relationship: /xl/worksheets/_rels/sheet1.xml.rels
13:12:42.878 [main] DEBUG - Parsing relationship: /_rels/.rels
13:12:42.908 [main] INFO  - Provided username and password
13:12:43.132 [main] INFO  - Clicked Login button
13:13:03.208 [main] INFO  - Unale to Login the page----
13:13:04.946 [main] INFO  - Clicked on Login Menu
13:13:05.414 [main] INFO  - Provided email and password
13:13:05.589 [main] INFO  - Clicked on Login button 
13:13:06.022 [main] INFO  - Login Success
13:13:07.821 [main] INFO  - Clicked on Login Menu
13:13:08.292 [main] INFO  - Provided email and password
13:13:08.489 [main] INFO  - Clicked on Login button 
13:13:08.580 [main] INFO  - Title is not displayed
13:13:10.570 [main] INFO  - Clicked on Login Menu
13:13:11.027 [main] INFO  - Provided email and password
13:13:11.195 [main] INFO  - Clicked on Login button 
13:13:11.650 [main] INFO  - Login Success
13:13:13.397 [main] INFO  - Clicked on Login Menu
13:13:13.851 [main] INFO  - Provided email and password
13:13:14.032 [main] INFO  - Clicked on Login button 
13:13:34.127 [main] INFO  - Login Failure
13:13:36.099 [main] INFO  - Navigated to Account Page---
13:13:36.581 [main] INFO  - Provided user details
13:13:36.995 [main] INFO  - Clicked on continue button-----
13:13:57.080 [main] INFO  - Account Registration Unsuccessful-----
13:17:12.770 [main] INFO  - Clicked on Login Menu
13:17:13.328 [main] DEBUG - Parsing relationship: /xl/_rels/workbook.xml.rels
13:17:13.330 [main] DEBUG - Parsing relationship: /xl/worksheets/_rels/sheet1.xml.rels
13:17:13.333 [main] DEBUG - Parsing relationship: /_rels/.rels
13:17:13.477 [main] TRACE - Loading type system org.apache.poi.schemas.ooxml.system.ooxml
13:17:13.478 [main] TRACE - Loading type system org.apache.xmlbeans.metadata.system.sXMLCONFIG
13:17:13.479 [main] TRACE - Loading type system org.apache.xmlbeans.metadata.system.sXMLLANG
13:17:13.480 [main] TRACE - Loading type system org.apache.xmlbeans.metadata.system.sXMLSCHEMA
13:17:13.481 [main] TRACE - Loading type system org.apache.xmlbeans.metadata.system.sXMLTOOLS
13:17:13.482 [main] TRACE - Reading unresolved handles for type system org.apache.xmlbeans.metadata.system.sXMLTOOLS
13:17:13.490 [main] TRACE - Finished loading type system org.apache.xmlbeans.metadata.system.sXMLTOOLS
13:17:13.492 [main] TRACE - Reading unresolved handles for type system org.apache.xmlbeans.metadata.system.sXMLSCHEMA
13:17:13.495 [main] TRACE - Finished loading type system org.apache.xmlbeans.metadata.system.sXMLSCHEMA
13:17:13.496 [main] TRACE - Reading unresolved handles for type system org.apache.xmlbeans.metadata.system.sXMLLANG
13:17:13.497 [main] TRACE - Finished loading type system org.apache.xmlbeans.metadata.system.sXMLLANG
13:17:13.498 [main] TRACE - Reading unresolved handles for type system org.apache.xmlbeans.metadata.system.sXMLCONFIG
13:17:13.498 [main] TRACE - Finished loading type system org.apache.xmlbeans.metadata.system.sXMLCONFIG
13:17:13.500 [main] TRACE - Reading unresolved handles for type system org.apache.poi.schemas.ooxml.system.ooxml
13:17:13.540 [main] TRACE - Finished loading type system org.apache.poi.schemas.ooxml.system.ooxml
13:17:13.541 [main] TRACE - Resolving type for handle themefd26doctype
13:17:13.583 [main] TRACE - Resolving type for handle stylesheet5d8bdoctype
13:17:13.589 [main] TRACE - Resolving type for handle ctstylesheet4257type
13:17:13.593 [main] TRACE - Resolving type for handle ctfonts6623type
13:17:13.595 [main] TRACE - Resolving type for handle ctfont14d8type
13:17:13.601 [main] TRACE - Resolving type for handle ctfills2c6ftype
13:17:13.603 [main] TRACE - Resolving type for handle ctfill550ctype
13:17:13.604 [main] TRACE - Resolving type for handle ctborders0d66type
13:17:13.606 [main] TRACE - Resolving type for handle ctborderf935type
13:17:13.609 [main] TRACE - Resolving type for handle ctcellxfs1322type
13:17:13.611 [main] TRACE - Resolving type for handle ctxf97f7type
13:17:13.614 [main] TRACE - Resolving type for handle ctcellstylexfsa81ftype
13:17:13.616 [main] TRACE - Resolving type for handle ctdxfsb26atype
13:17:13.620 [main] TRACE - Resolving type for handle cttablestyles872ftype
13:17:13.623 [main] TRACE - Resolving type for handle sstf81fdoctype
13:17:13.626 [main] TRACE - Resolving type for handle ctsst44f3type
13:17:13.634 [main] TRACE - Resolving type for handle ctrsta472type
13:17:13.649 [main] TRACE - Resolving type for handle workbookec17doctype
13:17:13.653 [main] TRACE - Resolving type for handle ctworkbook83c3type
13:17:13.658 [main] TRACE - Resolving type for handle ctsheets49fdtype
13:17:13.660 [main] TRACE - Resolving type for handle ctsheet4dbetype
13:17:13.662 [main] TRACE - Resolving type for handle strelationshipid1e94type
13:17:13.664 [main] TRACE - Resolving type for handle worksheetf539doctype
13:17:13.670 [main] TRACE - Resolving type for handle ctworksheet530dtype
13:17:13.677 [main] TRACE - Resolving type for handle ctcols627ctype
13:17:13.682 [main] TRACE - Resolving type for handle ctcola95ftype
13:17:13.693 [main] TRACE - Resolving type for handle ctsheetdata8408type
13:17:13.696 [main] TRACE - Resolving type for handle ctrowdd39type
13:17:13.700 [main] TRACE - Resolving type for handle ctcell842btype
13:17:13.705 [main] TRACE - Resolving type for handle stcellrefe4e0type
13:17:13.709 [main] TRACE - Resolving type for handle cthyperlinks6416type
13:17:13.711 [main] TRACE - Resolving type for handle cthyperlink0c85type
13:17:13.715 [main] TRACE - Resolving type for handle stxstringf179type
13:17:13.717 [main] TRACE - Resolving type for handle stcelltypebf95type
13:17:13.724 [main] INFO  - Provided username and password
13:17:13.985 [main] INFO  - Clicked Login button
13:17:14.388 [main] INFO  - Logout the page----
13:17:16.721 [main] INFO  - Clicked on Login Menu
13:17:17.200 [main] DEBUG - Parsing relationship: /xl/_rels/workbook.xml.rels
13:17:17.201 [main] DEBUG - Parsing relationship: /xl/worksheets/_rels/sheet1.xml.rels
13:17:17.203 [main] DEBUG - Parsing relationship: /_rels/.rels
13:17:17.228 [main] INFO  - Provided username and password
13:17:17.441 [main] INFO  - Clicked Login button
13:17:37.500 [main] INFO  - Unale to Login the page----
13:17:40.140 [main] INFO  - Clicked on Login Menu
13:17:40.765 [main] DEBUG - Parsing relationship: /xl/_rels/workbook.xml.rels
13:17:40.765 [main] DEBUG - Parsing relationship: /xl/worksheets/_rels/sheet1.xml.rels
13:17:40.767 [main] DEBUG - Parsing relationship: /_rels/.rels
13:17:40.791 [main] INFO  - Provided username and password
13:17:41.116 [main] INFO  - Clicked Login button
13:18:01.169 [main] INFO  - Unale to Login the page----
13:18:03.284 [main] INFO  - Clicked on Login Menu
13:18:03.827 [main] INFO  - Provided email and password
13:18:04.007 [main] INFO  - Clicked on Login button 
13:18:04.467 [main] INFO  - Login Success
13:18:06.378 [main] INFO  - Clicked on Login Menu
13:18:06.859 [main] INFO  - Provided email and password
13:18:07.043 [main] INFO  - Clicked on Login button 
13:18:07.143 [main] INFO  - Title is not displayed
13:18:09.139 [main] INFO  - Clicked on Login Menu
13:18:09.850 [main] INFO  - Provided email and password
13:18:10.026 [main] INFO  - Clicked on Login button 
13:18:10.501 [main] INFO  - Login Success
13:18:12.628 [main] INFO  - Clicked on Login Menu
13:18:13.134 [main] INFO  - Provided email and password
13:18:13.321 [main] INFO  - Clicked on Login button 
13:18:33.435 [main] INFO  - Login Failure
13:18:35.430 [main] INFO  - Navigated to Account Page---
13:18:36.097 [main] INFO  - Provided user details
13:18:36.564 [main] INFO  - Clicked on continue button-----
13:18:56.633 [main] INFO  - Account Registration Unsuccessful-----
13:45:15.695 [main] INFO  - Navigated to Account Page---
13:45:16.198 [main] INFO  - Provided user details
13:45:16.608 [main] INFO  - Clicked on continue button-----
13:45:36.681 [main] INFO  - Account Registration Unsuccessful-----
13:45:38.946 [main] INFO  - Navigated to Account Page---
13:46:45.749 [main] INFO  - Navigated to Account Page---
13:46:46.253 [main] INFO  - Provided user details
13:46:46.684 [main] INFO  - Clicked on continue button-----
13:47:06.752 [main] INFO  - Account Registration Unsuccessful-----
13:47:08.939 [main] INFO  - Navigated to Account Page---
13:49:29.623 [main] INFO  - Navigated to Account Page---
13:49:30.161 [main] INFO  - Provided user details
13:49:30.590 [main] INFO  - Clicked on continue button-----
13:49:50.658 [main] INFO  - Account Registration Unsuccessful-----
13:49:53.258 [main] INFO  - Navigated to Account Page---
13:54:07.980 [main] INFO  - Navigated to Account Page---
13:54:08.497 [main] INFO  - Provided user details
13:54:09.014 [main] INFO  - Clicked on continue button-----
13:54:09.442 [main] INFO  - Account Registration Successful-----
14:05:11.387 [main] INFO  - Clicked on Login Menu
14:05:11.862 [main] INFO  - Provided email and password
14:05:12.047 [main] INFO  - Clicked on Login button 
14:05:12.634 [main] INFO  - Login Success
14:05:15.354 [main] INFO  - Clicked on Login Menu
14:05:15.973 [main] INFO  - Provided email and password
14:05:16.285 [main] INFO  - Clicked on Login button 
14:05:16.827 [main] INFO  - Login Success
14:05:19.588 [main] INFO  - Clicked on Login Menu
14:05:20.071 [main] INFO  - Provided email and password
14:05:20.274 [main] INFO  - Clicked on Login button 
14:05:40.393 [main] INFO  - Login Failure
14:05:42.693 [main] INFO  - Navigated to Account Page---
14:05:43.232 [main] INFO  - Provided user details
14:05:43.717 [main] INFO  - Clicked on continue button-----
14:05:44.145 [main] INFO  - Account Registration Successful-----
14:06:46.524 [main] INFO  - Clicked on Login Menu
14:06:47.071 [main] INFO  - Provided email and password
14:06:47.227 [main] INFO  - Clicked on Login button 
14:06:47.670 [main] INFO  - Login Success
14:06:49.656 [main] INFO  - Clicked on Login Menu
14:06:50.168 [main] INFO  - Provided email and password
14:06:50.403 [main] INFO  - Clicked on Login button 
14:06:50.961 [main] INFO  - Login Success
14:06:52.967 [main] INFO  - Clicked on Login Menu
14:06:53.452 [main] INFO  - Provided email and password
14:06:53.689 [main] INFO  - Clicked on Login button 
14:07:13.784 [main] INFO  - Login Failure
14:07:15.859 [main] INFO  - Navigated to Account Page---
14:07:16.391 [main] INFO  - Provided user details
14:07:16.930 [main] INFO  - Clicked on continue button-----
14:07:17.388 [main] INFO  - Account Registration Successful-----
14:10:45.235 [main] INFO  - Clicked on Login Menu
14:10:45.778 [main] INFO  - Provided email and password
14:10:46.046 [main] INFO  - Clicked on Login button 
14:10:46.576 [main] INFO  - Login Success
14:10:48.900 [main] INFO  - Clicked on Login Menu
14:10:49.492 [main] INFO  - Provided email and password
14:10:49.735 [main] INFO  - Clicked on Login button 
14:10:50.262 [main] INFO  - Login Success
14:10:52.617 [main] INFO  - Clicked on Login Menu
14:10:53.173 [main] INFO  - Provided email and password
14:10:53.431 [main] INFO  - Clicked on Login button 
14:11:13.538 [main] INFO  - Login Failure
14:11:16.393 [main] INFO  - Navigated to Account Page---
14:11:17.215 [main] INFO  - Provided user details
14:11:17.816 [main] INFO  - Clicked on continue button-----
14:11:18.341 [main] INFO  - Account Registration Successful-----
14:16:54.971 [main] INFO  - Clicked on Login Menu
14:16:55.604 [main] INFO  - Provided email and password
14:16:55.878 [main] INFO  - Clicked on Login button 
14:16:56.435 [main] INFO  - Login Success
14:16:58.468 [main] INFO  - Clicked on Login Menu
14:16:58.995 [main] INFO  - Provided email and password
14:16:59.236 [main] INFO  - Clicked on Login button 
14:16:59.768 [main] INFO  - Login Success
14:17:01.735 [main] INFO  - Clicked on Login Menu
14:17:02.242 [main] INFO  - Provided email and password
14:17:02.493 [main] INFO  - Clicked on Login button 
14:17:22.613 [main] INFO  - Login Failure
14:17:25.377 [main] INFO  - Navigated to Account Page---
14:17:26.104 [main] INFO  - Provided user details
14:17:26.736 [main] INFO  - Clicked on continue button-----
14:17:27.387 [main] INFO  - Account Registration Successful-----
14:21:02.389 [main] INFO  - Clicked on Login Menu
14:21:02.966 [main] INFO  - Provided email and password
14:21:03.207 [main] INFO  - Clicked on Login button 
14:21:05.939 [main] INFO  - Clicked on Login Menu
14:21:06.478 [main] INFO  - Provided email and password
14:21:06.734 [main] INFO  - Clicked on Login button 
14:21:09.387 [main] INFO  - Clicked on Login Menu
14:21:09.935 [main] INFO  - Provided email and password
14:21:10.224 [main] INFO  - Clicked on Login button 
14:21:33.369 [main] INFO  - Navigated to Account Page---
14:21:34.014 [main] INFO  - Provided user details
14:21:34.752 [main] INFO  - Clicked on continue button-----
14:21:35.445 [main] INFO  - Account Registration Successful-----
14:24:44.330 [main] INFO  - Clicked on Login Menu
14:24:44.912 [main] INFO  - Provided email and password
14:24:45.154 [main] INFO  - Clicked on Login button 
14:24:45.670 [main] INFO  - Login Success
14:24:47.815 [main] INFO  - Clicked on Login Menu
14:24:48.366 [main] INFO  - Provided email and password
14:24:48.626 [main] INFO  - Clicked on Login button 
14:24:49.173 [main] INFO  - Login Success
14:24:51.327 [main] INFO  - Clicked on Login Menu
14:24:51.868 [main] INFO  - Provided email and password
14:24:52.114 [main] INFO  - Clicked on Login button 
14:25:15.353 [main] INFO  - Navigated to Account Page---
14:25:16.121 [main] INFO  - Provided user details
14:25:16.760 [main] INFO  - Clicked on continue button-----
14:25:17.633 [main] INFO  - Account Registration Successful-----
23:40:40.784 [main] INFO  - Clicked on Login Menu
23:40:41.557 [main] INFO  - Provided email and password
23:40:41.808 [main] INFO  - Clicked on Login button 
23:40:44.514 [main] INFO  - Clicked on Login Menu
23:40:45.078 [main] INFO  - Provided email and password
23:40:45.341 [main] INFO  - Clicked on Login button 
23:45:03.105 [main] INFO  - Clicked on Login Menu
23:45:03.669 [main] INFO  - Provided email and password
23:45:03.900 [main] INFO  - Clicked on Login button 
23:45:04.401 [main] INFO  - Login Success
23:45:06.430 [main] INFO  - Clicked on Login Menu
23:45:06.941 [main] INFO  - Provided email and password
23:45:07.163 [main] INFO  - Clicked on Login button 
23:45:07.662 [main] INFO  - Login Success
23:45:09.742 [main] INFO  - Clicked on Login Menu
23:45:10.287 [main] INFO  - Provided email and password
23:45:10.542 [main] INFO  - Clicked on Login button 
23:45:30.716 [main] INFO  - Login Failure
23:52:30.941 [main] INFO  - Clicked on Login Menu
23:52:31.440 [main] INFO  - Provided email and password
23:52:31.666 [main] INFO  - Clicked on Login button 
23:52:32.169 [main] INFO  - Login Success
23:52:34.298 [main] INFO  - Clicked on Login Menu
23:52:34.822 [main] INFO  - Provided email and password
23:52:35.049 [main] INFO  - Clicked on Login button 
23:52:35.562 [main] INFO  - Login Success
23:52:37.587 [main] INFO  - Clicked on Login Menu
23:52:38.076 [main] INFO  - Provided email and password
23:52:38.311 [main] INFO  - Clicked on Login button 
23:55:47.826 [main] INFO  - Clicked on Login Menu
23:55:48.395 [main] INFO  - Provided email and password
23:55:48.627 [main] INFO  - Clicked on Login button 
23:55:49.125 [main] INFO  - Login Success
23:55:51.106 [main] INFO  - Clicked on Login Menu
23:55:51.631 [main] INFO  - Provided email and password
23:55:51.862 [main] INFO  - Clicked on Login button 
23:55:52.376 [main] INFO  - Login Success
23:55:54.432 [main] INFO  - Clicked on Login Menu
23:55:54.947 [main] INFO  - Provided email and password
23:55:55.200 [main] INFO  - Clicked on Login button 
23:56:17.730 [main] INFO  - Navigated to Account Page---
23:56:18.512 [main] INFO  - Provided user details
23:56:19.218 [main] INFO  - Clicked on continue button-----
23:56:20.040 [main] INFO  - Account Registration Successful-----
23:58:08.367 [main] INFO  - Clicked on Login Menu
23:58:09.093 [main] DEBUG - Parsing relationship: /xl/_rels/workbook.xml.rels
23:58:09.095 [main] DEBUG - Parsing relationship: /xl/worksheets/_rels/sheet1.xml.rels
23:58:09.097 [main] DEBUG - Parsing relationship: /_rels/.rels
23:58:09.292 [main] TRACE - Loading type system org.apache.poi.schemas.ooxml.system.ooxml
23:58:09.294 [main] TRACE - Loading type system org.apache.xmlbeans.metadata.system.sXMLCONFIG
23:58:09.295 [main] TRACE - Loading type system org.apache.xmlbeans.metadata.system.sXMLLANG
23:58:09.296 [main] TRACE - Loading type system org.apache.xmlbeans.metadata.system.sXMLSCHEMA
23:58:09.296 [main] TRACE - Loading type system org.apache.xmlbeans.metadata.system.sXMLTOOLS
23:58:09.298 [main] TRACE - Reading unresolved handles for type system org.apache.xmlbeans.metadata.system.sXMLTOOLS
23:58:09.309 [main] TRACE - Finished loading type system org.apache.xmlbeans.metadata.system.sXMLTOOLS
23:58:09.310 [main] TRACE - Reading unresolved handles for type system org.apache.xmlbeans.metadata.system.sXMLSCHEMA
23:58:09.314 [main] TRACE - Finished loading type system org.apache.xmlbeans.metadata.system.sXMLSCHEMA
23:58:09.315 [main] TRACE - Reading unresolved handles for type system org.apache.xmlbeans.metadata.system.sXMLLANG
23:58:09.317 [main] TRACE - Finished loading type system org.apache.xmlbeans.metadata.system.sXMLLANG
23:58:09.318 [main] TRACE - Reading unresolved handles for type system org.apache.xmlbeans.metadata.system.sXMLCONFIG
23:58:09.319 [main] TRACE - Finished loading type system org.apache.xmlbeans.metadata.system.sXMLCONFIG
23:58:09.321 [main] TRACE - Reading unresolved handles for type system org.apache.poi.schemas.ooxml.system.ooxml
23:58:09.374 [main] TRACE - Finished loading type system org.apache.poi.schemas.ooxml.system.ooxml
23:58:09.375 [main] TRACE - Resolving type for handle themefd26doctype
23:58:09.435 [main] TRACE - Resolving type for handle stylesheet5d8bdoctype
23:58:09.441 [main] TRACE - Resolving type for handle ctstylesheet4257type
23:58:09.445 [main] TRACE - Resolving type for handle ctfonts6623type
23:58:09.450 [main] TRACE - Resolving type for handle ctfont14d8type
23:58:09.454 [main] TRACE - Resolving type for handle ctfills2c6ftype
23:58:09.457 [main] TRACE - Resolving type for handle ctfill550ctype
23:58:09.459 [main] TRACE - Resolving type for handle ctborders0d66type
23:58:09.462 [main] TRACE - Resolving type for handle ctborderf935type
23:58:09.466 [main] TRACE - Resolving type for handle ctcellxfs1322type
23:58:09.470 [main] TRACE - Resolving type for handle ctxf97f7type
23:58:09.474 [main] TRACE - Resolving type for handle ctcellstylexfsa81ftype
23:58:09.477 [main] TRACE - Resolving type for handle ctdxfsb26atype
23:58:09.481 [main] TRACE - Resolving type for handle cttablestyles872ftype
23:58:09.485 [main] TRACE - Resolving type for handle sstf81fdoctype
23:58:09.490 [main] TRACE - Resolving type for handle ctsst44f3type
23:58:09.500 [main] TRACE - Resolving type for handle ctrsta472type
23:58:09.519 [main] TRACE - Resolving type for handle workbookec17doctype
23:58:09.524 [main] TRACE - Resolving type for handle ctworkbook83c3type
23:58:09.529 [main] TRACE - Resolving type for handle ctsheets49fdtype
23:58:09.532 [main] TRACE - Resolving type for handle ctsheet4dbetype
23:58:09.534 [main] TRACE - Resolving type for handle strelationshipid1e94type
23:58:09.538 [main] TRACE - Resolving type for handle worksheetf539doctype
23:58:09.543 [main] TRACE - Resolving type for handle ctworksheet530dtype
23:58:09.551 [main] TRACE - Resolving type for handle ctcols627ctype
23:58:09.557 [main] TRACE - Resolving type for handle ctcola95ftype
23:58:09.573 [main] TRACE - Resolving type for handle ctsheetdata8408type
23:58:09.576 [main] TRACE - Resolving type for handle ctrowdd39type
